<?xml version="1.0" encoding="UTF-8"?>
<testng-results ignored="0" total="6" passed="6" failed="0" skipped="0">
  <reporter-output>
    <line>
      <![CDATA[Supplier-00000004417======Supplier-00000004417]]>
    </line>
    <line>
      <![CDATA[Supplier-00000004418======Supplier-00000004418]]>
    </line>
    <line>
      <![CDATA[Customer-00000009342======Customer-00000009342]]>
    </line>
    <line>
      <![CDATA[Customer-00000009343======Customer-00000009343]]>
    </line>
    <line>
      <![CDATA[Stock-000002526====Stock-000002526]]>
    </line>
    <line>
      <![CDATA[Stock-000002527====Stock-000002527]]>
    </line>
  </reporter-output>
  <suite started-at="2024-07-29T12:31:37 IST" name="Default suite" finished-at="2024-07-29T12:33:25 IST" duration-ms="107659">
    <groups>
      <group name="cucumber">
        <method signature="AbstractTestNGCucumberTests.runScenario(io.cucumber.testng.PickleWrapper,io.cucumber.testng.FeatureWrapper)[pri:0, instance:runner.run@7817fd62]" name="runScenario" class="io.cucumber.testng.AbstractTestNGCucumberTests"/>
      </group> <!-- cucumber -->
    </groups>
    <test started-at="2024-07-29T12:31:37 IST" name="Default test" finished-at="2024-07-29T12:33:25 IST" duration-ms="107659">
      <class name="runner.run">
        <test-method is-config="true" signature="setUpClass(org.testng.ITestContext)[pri:0, instance:runner.run@7817fd62]" started-at="2024-07-29T12:31:37 IST" name="setUpClass" finished-at="2024-07-29T12:31:39 IST" duration-ms="1648" status="PASS">
          <params>
            <param index="0">
              <value>
                <![CDATA[org.testng.TestRunner@6aa6c17]]>
              </value>
            </param>
          </params>
          <reporter-output>
          </reporter-output>
        </test-method> <!-- setUpClass -->
        <test-method signature="runScenario(io.cucumber.testng.PickleWrapper,io.cucumber.testng.FeatureWrapper)[pri:0, instance:runner.run@7817fd62]" started-at="2024-07-29T12:31:39 IST" name="runScenario" description="Runs Cucumber Scenarios" data-provider="scenarios" finished-at="2024-07-29T12:31:57 IST" duration-ms="17885" status="PASS">
          <params>
            <param index="0">
              <value>
                <![CDATA["validate suppilers"]]>
              </value>
            </param>
            <param index="1">
              <value>
                <![CDATA["Validate Stock Functionalities"]]>
              </value>
            </param>
          </params>
          <reporter-output>
            <line>
              <![CDATA[Supplier-00000004417======Supplier-00000004417]]>
            </line>
          </reporter-output>
        </test-method> <!-- runScenario -->
        <test-method signature="runScenario(io.cucumber.testng.PickleWrapper,io.cucumber.testng.FeatureWrapper)[pri:0, instance:runner.run@7817fd62]" started-at="2024-07-29T12:31:57 IST" name="runScenario" description="Runs Cucumber Scenarios" data-provider="scenarios" finished-at="2024-07-29T12:32:14 IST" duration-ms="16768" status="PASS">
          <params>
            <param index="0">
              <value>
                <![CDATA["validate suppilers"]]>
              </value>
            </param>
            <param index="1">
              <value>
                <![CDATA["Validate Stock Functionalities"]]>
              </value>
            </param>
          </params>
          <reporter-output>
            <line>
              <![CDATA[Supplier-00000004418======Supplier-00000004418]]>
            </line>
          </reporter-output>
        </test-method> <!-- runScenario -->
        <test-method signature="runScenario(io.cucumber.testng.PickleWrapper,io.cucumber.testng.FeatureWrapper)[pri:0, instance:runner.run@7817fd62]" started-at="2024-07-29T12:32:14 IST" name="runScenario" description="Runs Cucumber Scenarios" data-provider="scenarios" finished-at="2024-07-29T12:32:31 IST" duration-ms="17104" status="PASS">
          <params>
            <param index="0">
              <value>
                <![CDATA["validate Customers"]]>
              </value>
            </param>
            <param index="1">
              <value>
                <![CDATA["Validate Stock Functionalities"]]>
              </value>
            </param>
          </params>
          <reporter-output>
            <line>
              <![CDATA[Customer-00000009342======Customer-00000009342]]>
            </line>
          </reporter-output>
        </test-method> <!-- runScenario -->
        <test-method signature="runScenario(io.cucumber.testng.PickleWrapper,io.cucumber.testng.FeatureWrapper)[pri:0, instance:runner.run@7817fd62]" started-at="2024-07-29T12:32:31 IST" name="runScenario" description="Runs Cucumber Scenarios" data-provider="scenarios" finished-at="2024-07-29T12:32:51 IST" duration-ms="20330" status="PASS">
          <params>
            <param index="0">
              <value>
                <![CDATA["validate Customers"]]>
              </value>
            </param>
            <param index="1">
              <value>
                <![CDATA["Validate Stock Functionalities"]]>
              </value>
            </param>
          </params>
          <reporter-output>
            <line>
              <![CDATA[Customer-00000009343======Customer-00000009343]]>
            </line>
          </reporter-output>
        </test-method> <!-- runScenario -->
        <test-method signature="runScenario(io.cucumber.testng.PickleWrapper,io.cucumber.testng.FeatureWrapper)[pri:0, instance:runner.run@7817fd62]" started-at="2024-07-29T12:32:51 IST" name="runScenario" description="Runs Cucumber Scenarios" data-provider="scenarios" finished-at="2024-07-29T12:33:09 IST" duration-ms="18049" status="PASS">
          <params>
            <param index="0">
              <value>
                <![CDATA["validate Stock"]]>
              </value>
            </param>
            <param index="1">
              <value>
                <![CDATA["Validate Stock Functionalities"]]>
              </value>
            </param>
          </params>
          <reporter-output>
            <line>
              <![CDATA[Stock-000002526====Stock-000002526]]>
            </line>
          </reporter-output>
        </test-method> <!-- runScenario -->
        <test-method signature="runScenario(io.cucumber.testng.PickleWrapper,io.cucumber.testng.FeatureWrapper)[pri:0, instance:runner.run@7817fd62]" started-at="2024-07-29T12:33:09 IST" name="runScenario" description="Runs Cucumber Scenarios" data-provider="scenarios" finished-at="2024-07-29T12:33:25 IST" duration-ms="15708" status="PASS">
          <params>
            <param index="0">
              <value>
                <![CDATA["validate Stock"]]>
              </value>
            </param>
            <param index="1">
              <value>
                <![CDATA["Validate Stock Functionalities"]]>
              </value>
            </param>
          </params>
          <reporter-output>
            <line>
              <![CDATA[Stock-000002527====Stock-000002527]]>
            </line>
          </reporter-output>
        </test-method> <!-- runScenario -->
        <test-method is-config="true" signature="tearDownClass()[pri:0, instance:runner.run@7817fd62]" started-at="2024-07-29T12:33:25 IST" name="tearDownClass" finished-at="2024-07-29T12:33:25 IST" duration-ms="48" status="PASS">
          <reporter-output>
          </reporter-output>
        </test-method> <!-- tearDownClass -->
      </class> <!-- runner.run -->
    </test> <!-- Default test -->
  </suite> <!-- Default suite -->
</testng-results>
